2021-06-16 11:23:11.225 [main] INFO  com.sunjunjie.eduservice.EduApplication - Starting EduApplication on sunjunjiedeMacBook-Pro.local with PID 52881 (/Users/sunjunjie/Desktop/gitcode/guli_parent/service/service_edu/target/classes started by sunjunjie in /Users/sunjunjie/Desktop/gitcode/guli_parent)
2021-06-16 11:23:11.232 [main] INFO  com.sunjunjie.eduservice.EduApplication - The following profiles are active: dev
2021-06-16 11:23:12.520 [main] INFO  o.s.d.r.config.RepositoryConfigurationDelegate - Multiple Spring Data modules found, entering strict repository configuration mode!
2021-06-16 11:23:12.523 [main] INFO  o.s.d.r.config.RepositoryConfigurationDelegate - Bootstrapping Spring Data repositories in DEFAULT mode.
2021-06-16 11:23:12.558 [main] INFO  o.s.d.r.config.RepositoryConfigurationDelegate - Finished Spring Data repository scanning in 12ms. Found 0 repository interfaces.
2021-06-16 11:23:12.945 [main] INFO  o.s.c.s.PostProcessorRegistrationDelegate$BeanPostProcessorChecker - Bean 'org.springframework.transaction.annotation.ProxyTransactionManagementConfiguration' of type [org.springframework.transaction.annotation.ProxyTransactionManagementConfiguration] is not eligible for getting processed by all BeanPostProcessors (for example: not eligible for auto-proxying)
2021-06-16 11:23:13.299 [main] INFO  o.s.boot.web.embedded.tomcat.TomcatWebServer - Tomcat initialized with port(s): 8001 (http)
2021-06-16 11:23:13.311 [main] INFO  org.apache.coyote.http11.Http11NioProtocol - Initializing ProtocolHandler ["http-nio-8001"]
2021-06-16 11:23:13.312 [main] INFO  org.apache.catalina.core.StandardService - Starting service [Tomcat]
2021-06-16 11:23:13.312 [main] INFO  org.apache.catalina.core.StandardEngine - Starting Servlet engine: [Apache Tomcat/9.0.27]
2021-06-16 11:23:13.410 [main] INFO  o.a.c.core.ContainerBase.[Tomcat].[localhost].[/] - Initializing Spring embedded WebApplicationContext
2021-06-16 11:23:13.411 [main] INFO  org.springframework.web.context.ContextLoader - Root WebApplicationContext: initialization completed in 2116 ms
2021-06-16 11:23:13.672 [main] INFO  com.zaxxer.hikari.HikariDataSource - HikariPool-1 - Starting...
2021-06-16 11:23:14.114 [main] INFO  com.zaxxer.hikari.HikariDataSource - HikariPool-1 - Start completed.
2021-06-16 11:23:14.728 [main] INFO  s.d.s.w.PropertySourcedRequestMappingHandlerMapping - Mapped URL path [/v2/api-docs] onto method [springfox.documentation.swagger2.web.Swagger2Controller#getDocumentation(String, HttpServletRequest)]
2021-06-16 11:23:14.852 [main] INFO  o.s.scheduling.concurrent.ThreadPoolTaskExecutor - Initializing ExecutorService 'applicationTaskExecutor'
2021-06-16 11:23:15.501 [main] INFO  s.d.s.web.plugins.DocumentationPluginsBootstrapper - Context refreshed
2021-06-16 11:23:15.535 [main] INFO  s.d.s.web.plugins.DocumentationPluginsBootstrapper - Found 1 custom documentation plugin(s)
2021-06-16 11:23:15.583 [main] INFO  s.d.spring.web.scanners.ApiListingReferenceScanner - Scanning for api listing references
2021-06-16 11:23:15.776 [main] INFO  org.apache.coyote.http11.Http11NioProtocol - Starting ProtocolHandler ["http-nio-8001"]
2021-06-16 11:23:15.805 [main] INFO  o.s.boot.web.embedded.tomcat.TomcatWebServer - Tomcat started on port(s): 8001 (http) with context path ''
2021-06-16 11:23:15.810 [main] INFO  com.sunjunjie.eduservice.EduApplication - Started EduApplication in 5.584 seconds (JVM running for 6.534)
2021-06-16 11:24:17.012 [http-nio-8001-exec-1] INFO  o.a.c.core.ContainerBase.[Tomcat].[localhost].[/] - Initializing Spring DispatcherServlet 'dispatcherServlet'
2021-06-16 11:24:17.013 [http-nio-8001-exec-1] INFO  org.springframework.web.servlet.DispatcherServlet - Initializing Servlet 'dispatcherServlet'
2021-06-16 11:24:17.026 [http-nio-8001-exec-1] INFO  org.springframework.web.servlet.DispatcherServlet - Completed initialization in 13 ms
2021-06-16 18:51:10.331 [SpringContextShutdownHook] INFO  o.s.scheduling.concurrent.ThreadPoolTaskExecutor - Shutting down ExecutorService 'applicationTaskExecutor'
2021-06-16 18:51:10.355 [SpringContextShutdownHook] INFO  com.zaxxer.hikari.HikariDataSource - HikariPool-1 - Shutdown initiated...
2021-06-16 18:51:10.374 [SpringContextShutdownHook] INFO  com.zaxxer.hikari.HikariDataSource - HikariPool-1 - Shutdown completed.
2021-06-16 18:51:15.951 [main] INFO  com.sunjunjie.eduservice.EduApplication - Starting EduApplication on sunjunjiedeMacBook-Pro.local with PID 53788 (/Users/sunjunjie/Desktop/gitcode/guli_parent/service/service_edu/target/classes started by sunjunjie in /Users/sunjunjie/Desktop/gitcode/guli_parent)
2021-06-16 18:51:15.956 [main] INFO  com.sunjunjie.eduservice.EduApplication - The following profiles are active: dev
2021-06-16 18:51:17.438 [main] INFO  o.s.d.r.config.RepositoryConfigurationDelegate - Multiple Spring Data modules found, entering strict repository configuration mode!
2021-06-16 18:51:17.443 [main] INFO  o.s.d.r.config.RepositoryConfigurationDelegate - Bootstrapping Spring Data repositories in DEFAULT mode.
2021-06-16 18:51:17.490 [main] INFO  o.s.d.r.config.RepositoryConfigurationDelegate - Finished Spring Data repository scanning in 17ms. Found 0 repository interfaces.
2021-06-16 18:51:17.937 [main] INFO  o.s.c.s.PostProcessorRegistrationDelegate$BeanPostProcessorChecker - Bean 'org.springframework.transaction.annotation.ProxyTransactionManagementConfiguration' of type [org.springframework.transaction.annotation.ProxyTransactionManagementConfiguration] is not eligible for getting processed by all BeanPostProcessors (for example: not eligible for auto-proxying)
2021-06-16 18:51:18.250 [main] INFO  o.s.boot.web.embedded.tomcat.TomcatWebServer - Tomcat initialized with port(s): 8001 (http)
2021-06-16 18:51:18.262 [main] INFO  org.apache.coyote.http11.Http11NioProtocol - Initializing ProtocolHandler ["http-nio-8001"]
2021-06-16 18:51:18.263 [main] INFO  org.apache.catalina.core.StandardService - Starting service [Tomcat]
2021-06-16 18:51:18.263 [main] INFO  org.apache.catalina.core.StandardEngine - Starting Servlet engine: [Apache Tomcat/9.0.27]
2021-06-16 18:51:18.373 [main] INFO  o.a.c.core.ContainerBase.[Tomcat].[localhost].[/] - Initializing Spring embedded WebApplicationContext
2021-06-16 18:51:18.373 [main] INFO  org.springframework.web.context.ContextLoader - Root WebApplicationContext: initialization completed in 2303 ms
2021-06-16 18:51:18.692 [main] INFO  com.zaxxer.hikari.HikariDataSource - HikariPool-1 - Starting...
2021-06-16 18:51:19.175 [main] INFO  com.zaxxer.hikari.HikariDataSource - HikariPool-1 - Start completed.
2021-06-16 18:51:19.783 [main] INFO  s.d.s.w.PropertySourcedRequestMappingHandlerMapping - Mapped URL path [/v2/api-docs] onto method [springfox.documentation.swagger2.web.Swagger2Controller#getDocumentation(String, HttpServletRequest)]
2021-06-16 18:51:19.930 [main] INFO  o.s.scheduling.concurrent.ThreadPoolTaskExecutor - Initializing ExecutorService 'applicationTaskExecutor'
2021-06-16 18:51:20.514 [main] INFO  s.d.s.web.plugins.DocumentationPluginsBootstrapper - Context refreshed
2021-06-16 18:51:20.536 [main] INFO  s.d.s.web.plugins.DocumentationPluginsBootstrapper - Found 1 custom documentation plugin(s)
2021-06-16 18:51:20.571 [main] INFO  s.d.spring.web.scanners.ApiListingReferenceScanner - Scanning for api listing references
2021-06-16 18:51:20.732 [main] INFO  org.apache.coyote.http11.Http11NioProtocol - Starting ProtocolHandler ["http-nio-8001"]
2021-06-16 18:51:20.761 [main] INFO  o.s.boot.web.embedded.tomcat.TomcatWebServer - Tomcat started on port(s): 8001 (http) with context path ''
2021-06-16 18:51:20.764 [main] INFO  com.sunjunjie.eduservice.EduApplication - Started EduApplication in 5.686 seconds (JVM running for 6.547)
2021-06-16 18:51:41.170 [http-nio-8001-exec-1] INFO  o.a.c.core.ContainerBase.[Tomcat].[localhost].[/] - Initializing Spring DispatcherServlet 'dispatcherServlet'
2021-06-16 18:51:41.171 [http-nio-8001-exec-1] INFO  org.springframework.web.servlet.DispatcherServlet - Initializing Servlet 'dispatcherServlet'
2021-06-16 18:51:41.188 [http-nio-8001-exec-1] INFO  org.springframework.web.servlet.DispatcherServlet - Completed initialization in 17 ms
2021-06-16 21:27:41.535 [SpringContextShutdownHook] INFO  o.s.scheduling.concurrent.ThreadPoolTaskExecutor - Shutting down ExecutorService 'applicationTaskExecutor'
2021-06-16 21:27:41.552 [SpringContextShutdownHook] INFO  com.zaxxer.hikari.HikariDataSource - HikariPool-1 - Shutdown initiated...
2021-06-16 21:27:41.562 [SpringContextShutdownHook] INFO  com.zaxxer.hikari.HikariDataSource - HikariPool-1 - Shutdown completed.
2021-06-16 21:28:44.928 [main] INFO  com.sunjunjie.eduservice.EduApplication - Starting EduApplication on sunjunjiedeMacBook-Pro.local with PID 54004 (/Users/sunjunjie/Desktop/gitcode/guli_parent/service/service_edu/target/classes started by sunjunjie in /Users/sunjunjie/Desktop/gitcode/guli_parent)
2021-06-16 21:28:44.931 [main] INFO  com.sunjunjie.eduservice.EduApplication - The following profiles are active: dev
2021-06-16 21:28:46.260 [main] INFO  o.s.d.r.config.RepositoryConfigurationDelegate - Multiple Spring Data modules found, entering strict repository configuration mode!
2021-06-16 21:28:46.263 [main] INFO  o.s.d.r.config.RepositoryConfigurationDelegate - Bootstrapping Spring Data repositories in DEFAULT mode.
2021-06-16 21:28:46.290 [main] INFO  o.s.d.r.config.RepositoryConfigurationDelegate - Finished Spring Data repository scanning in 11ms. Found 0 repository interfaces.
2021-06-16 21:28:46.607 [main] INFO  o.s.c.s.PostProcessorRegistrationDelegate$BeanPostProcessorChecker - Bean 'org.springframework.transaction.annotation.ProxyTransactionManagementConfiguration' of type [org.springframework.transaction.annotation.ProxyTransactionManagementConfiguration] is not eligible for getting processed by all BeanPostProcessors (for example: not eligible for auto-proxying)
2021-06-16 21:28:46.871 [main] INFO  o.s.boot.web.embedded.tomcat.TomcatWebServer - Tomcat initialized with port(s): 8001 (http)
2021-06-16 21:28:46.884 [main] INFO  org.apache.coyote.http11.Http11NioProtocol - Initializing ProtocolHandler ["http-nio-8001"]
2021-06-16 21:28:46.885 [main] INFO  org.apache.catalina.core.StandardService - Starting service [Tomcat]
2021-06-16 21:28:46.885 [main] INFO  org.apache.catalina.core.StandardEngine - Starting Servlet engine: [Apache Tomcat/9.0.27]
2021-06-16 21:28:46.973 [main] INFO  o.a.c.core.ContainerBase.[Tomcat].[localhost].[/] - Initializing Spring embedded WebApplicationContext
2021-06-16 21:28:46.974 [main] INFO  org.springframework.web.context.ContextLoader - Root WebApplicationContext: initialization completed in 1998 ms
2021-06-16 21:28:47.234 [main] INFO  com.zaxxer.hikari.HikariDataSource - HikariPool-1 - Starting...
2021-06-16 21:28:47.705 [main] INFO  com.zaxxer.hikari.HikariDataSource - HikariPool-1 - Start completed.
2021-06-16 21:28:48.421 [main] INFO  s.d.s.w.PropertySourcedRequestMappingHandlerMapping - Mapped URL path [/v2/api-docs] onto method [springfox.documentation.swagger2.web.Swagger2Controller#getDocumentation(String, HttpServletRequest)]
2021-06-16 21:28:48.568 [main] INFO  o.s.scheduling.concurrent.ThreadPoolTaskExecutor - Initializing ExecutorService 'applicationTaskExecutor'
2021-06-16 21:28:49.139 [main] INFO  s.d.s.web.plugins.DocumentationPluginsBootstrapper - Context refreshed
2021-06-16 21:28:49.155 [main] INFO  s.d.s.web.plugins.DocumentationPluginsBootstrapper - Found 1 custom documentation plugin(s)
2021-06-16 21:28:49.192 [main] INFO  s.d.spring.web.scanners.ApiListingReferenceScanner - Scanning for api listing references
2021-06-16 21:28:49.405 [main] INFO  org.apache.coyote.http11.Http11NioProtocol - Starting ProtocolHandler ["http-nio-8001"]
2021-06-16 21:28:49.437 [main] INFO  o.s.boot.web.embedded.tomcat.TomcatWebServer - Tomcat started on port(s): 8001 (http) with context path ''
2021-06-16 21:28:49.442 [main] INFO  com.sunjunjie.eduservice.EduApplication - Started EduApplication in 5.006 seconds (JVM running for 6.071)
2021-06-16 21:29:03.828 [http-nio-8001-exec-1] INFO  o.a.c.core.ContainerBase.[Tomcat].[localhost].[/] - Initializing Spring DispatcherServlet 'dispatcherServlet'
2021-06-16 21:29:03.828 [http-nio-8001-exec-1] INFO  org.springframework.web.servlet.DispatcherServlet - Initializing Servlet 'dispatcherServlet'
2021-06-16 21:29:03.837 [http-nio-8001-exec-1] INFO  org.springframework.web.servlet.DispatcherServlet - Completed initialization in 9 ms
2021-06-16 21:31:20.652 [SpringContextShutdownHook] INFO  o.s.scheduling.concurrent.ThreadPoolTaskExecutor - Shutting down ExecutorService 'applicationTaskExecutor'
2021-06-16 21:31:20.654 [SpringContextShutdownHook] INFO  com.zaxxer.hikari.HikariDataSource - HikariPool-1 - Shutdown initiated...
2021-06-16 21:31:20.664 [SpringContextShutdownHook] INFO  com.zaxxer.hikari.HikariDataSource - HikariPool-1 - Shutdown completed.
2021-06-16 21:31:25.549 [main] INFO  com.sunjunjie.eduservice.EduApplication - Starting EduApplication on sunjunjiedeMacBook-Pro.local with PID 54018 (/Users/sunjunjie/Desktop/gitcode/guli_parent/service/service_edu/target/classes started by sunjunjie in /Users/sunjunjie/Desktop/gitcode/guli_parent)
2021-06-16 21:31:25.555 [main] INFO  com.sunjunjie.eduservice.EduApplication - The following profiles are active: dev
2021-06-16 21:31:26.504 [main] INFO  o.s.d.r.config.RepositoryConfigurationDelegate - Multiple Spring Data modules found, entering strict repository configuration mode!
2021-06-16 21:31:26.506 [main] INFO  o.s.d.r.config.RepositoryConfigurationDelegate - Bootstrapping Spring Data repositories in DEFAULT mode.
2021-06-16 21:31:26.532 [main] INFO  o.s.d.r.config.RepositoryConfigurationDelegate - Finished Spring Data repository scanning in 11ms. Found 0 repository interfaces.
2021-06-16 21:31:26.826 [main] INFO  o.s.c.s.PostProcessorRegistrationDelegate$BeanPostProcessorChecker - Bean 'org.springframework.transaction.annotation.ProxyTransactionManagementConfiguration' of type [org.springframework.transaction.annotation.ProxyTransactionManagementConfiguration] is not eligible for getting processed by all BeanPostProcessors (for example: not eligible for auto-proxying)
2021-06-16 21:31:27.057 [main] INFO  o.s.boot.web.embedded.tomcat.TomcatWebServer - Tomcat initialized with port(s): 8001 (http)
2021-06-16 21:31:27.067 [main] INFO  org.apache.coyote.http11.Http11NioProtocol - Initializing ProtocolHandler ["http-nio-8001"]
2021-06-16 21:31:27.068 [main] INFO  org.apache.catalina.core.StandardService - Starting service [Tomcat]
2021-06-16 21:31:27.068 [main] INFO  org.apache.catalina.core.StandardEngine - Starting Servlet engine: [Apache Tomcat/9.0.27]
2021-06-16 21:31:27.148 [main] INFO  o.a.c.core.ContainerBase.[Tomcat].[localhost].[/] - Initializing Spring embedded WebApplicationContext
2021-06-16 21:31:27.148 [main] INFO  org.springframework.web.context.ContextLoader - Root WebApplicationContext: initialization completed in 1538 ms
2021-06-16 21:31:27.365 [main] INFO  com.zaxxer.hikari.HikariDataSource - HikariPool-1 - Starting...
2021-06-16 21:31:27.720 [main] INFO  com.zaxxer.hikari.HikariDataSource - HikariPool-1 - Start completed.
2021-06-16 21:31:28.242 [main] INFO  s.d.s.w.PropertySourcedRequestMappingHandlerMapping - Mapped URL path [/v2/api-docs] onto method [springfox.documentation.swagger2.web.Swagger2Controller#getDocumentation(String, HttpServletRequest)]
2021-06-16 21:31:28.355 [main] INFO  o.s.scheduling.concurrent.ThreadPoolTaskExecutor - Initializing ExecutorService 'applicationTaskExecutor'
2021-06-16 21:31:28.796 [main] INFO  s.d.s.web.plugins.DocumentationPluginsBootstrapper - Context refreshed
2021-06-16 21:31:28.810 [main] INFO  s.d.s.web.plugins.DocumentationPluginsBootstrapper - Found 1 custom documentation plugin(s)
2021-06-16 21:31:28.842 [main] INFO  s.d.spring.web.scanners.ApiListingReferenceScanner - Scanning for api listing references
2021-06-16 21:31:28.999 [main] INFO  org.apache.coyote.http11.Http11NioProtocol - Starting ProtocolHandler ["http-nio-8001"]
2021-06-16 21:31:29.033 [main] INFO  o.s.boot.web.embedded.tomcat.TomcatWebServer - Tomcat started on port(s): 8001 (http) with context path ''
2021-06-16 21:31:29.037 [main] INFO  com.sunjunjie.eduservice.EduApplication - Started EduApplication in 4.066 seconds (JVM running for 4.877)
2021-06-16 21:34:20.557 [http-nio-8001-exec-1] INFO  o.a.c.core.ContainerBase.[Tomcat].[localhost].[/] - Initializing Spring DispatcherServlet 'dispatcherServlet'
2021-06-16 21:34:20.558 [http-nio-8001-exec-1] INFO  org.springframework.web.servlet.DispatcherServlet - Initializing Servlet 'dispatcherServlet'
2021-06-16 21:34:20.574 [http-nio-8001-exec-1] INFO  org.springframework.web.servlet.DispatcherServlet - Completed initialization in 15 ms
2021-06-16 21:51:36.791 [SpringContextShutdownHook] INFO  o.s.scheduling.concurrent.ThreadPoolTaskExecutor - Shutting down ExecutorService 'applicationTaskExecutor'
2021-06-16 21:51:36.806 [SpringContextShutdownHook] INFO  com.zaxxer.hikari.HikariDataSource - HikariPool-1 - Shutdown initiated...
2021-06-16 21:51:36.826 [SpringContextShutdownHook] INFO  com.zaxxer.hikari.HikariDataSource - HikariPool-1 - Shutdown completed.
2021-06-16 21:51:43.026 [main] INFO  com.sunjunjie.eduservice.EduApplication - Starting EduApplication on sunjunjiedeMacBook-Pro.local with PID 54061 (/Users/sunjunjie/Desktop/gitcode/guli_parent/service/service_edu/target/classes started by sunjunjie in /Users/sunjunjie/Desktop/gitcode/guli_parent)
2021-06-16 21:51:43.029 [main] INFO  com.sunjunjie.eduservice.EduApplication - The following profiles are active: dev
2021-06-16 21:51:44.214 [main] INFO  o.s.d.r.config.RepositoryConfigurationDelegate - Multiple Spring Data modules found, entering strict repository configuration mode!
2021-06-16 21:51:44.218 [main] INFO  o.s.d.r.config.RepositoryConfigurationDelegate - Bootstrapping Spring Data repositories in DEFAULT mode.
2021-06-16 21:51:44.247 [main] INFO  o.s.d.r.config.RepositoryConfigurationDelegate - Finished Spring Data repository scanning in 13ms. Found 0 repository interfaces.
2021-06-16 21:51:44.611 [main] INFO  o.s.c.s.PostProcessorRegistrationDelegate$BeanPostProcessorChecker - Bean 'org.springframework.transaction.annotation.ProxyTransactionManagementConfiguration' of type [org.springframework.transaction.annotation.ProxyTransactionManagementConfiguration] is not eligible for getting processed by all BeanPostProcessors (for example: not eligible for auto-proxying)
2021-06-16 21:51:44.859 [main] INFO  o.s.boot.web.embedded.tomcat.TomcatWebServer - Tomcat initialized with port(s): 8001 (http)
2021-06-16 21:51:44.869 [main] INFO  org.apache.coyote.http11.Http11NioProtocol - Initializing ProtocolHandler ["http-nio-8001"]
2021-06-16 21:51:44.869 [main] INFO  org.apache.catalina.core.StandardService - Starting service [Tomcat]
2021-06-16 21:51:44.870 [main] INFO  org.apache.catalina.core.StandardEngine - Starting Servlet engine: [Apache Tomcat/9.0.27]
2021-06-16 21:51:44.955 [main] INFO  o.a.c.core.ContainerBase.[Tomcat].[localhost].[/] - Initializing Spring embedded WebApplicationContext
2021-06-16 21:51:44.955 [main] INFO  org.springframework.web.context.ContextLoader - Root WebApplicationContext: initialization completed in 1869 ms
2021-06-16 21:51:45.182 [main] INFO  com.zaxxer.hikari.HikariDataSource - HikariPool-1 - Starting...
2021-06-16 21:51:45.602 [main] INFO  com.zaxxer.hikari.HikariDataSource - HikariPool-1 - Start completed.
2021-06-16 21:51:46.148 [main] INFO  s.d.s.w.PropertySourcedRequestMappingHandlerMapping - Mapped URL path [/v2/api-docs] onto method [springfox.documentation.swagger2.web.Swagger2Controller#getDocumentation(String, HttpServletRequest)]
2021-06-16 21:51:46.259 [main] INFO  o.s.scheduling.concurrent.ThreadPoolTaskExecutor - Initializing ExecutorService 'applicationTaskExecutor'
2021-06-16 21:51:46.760 [main] INFO  s.d.s.web.plugins.DocumentationPluginsBootstrapper - Context refreshed
2021-06-16 21:51:46.774 [main] INFO  s.d.s.web.plugins.DocumentationPluginsBootstrapper - Found 1 custom documentation plugin(s)
2021-06-16 21:51:46.805 [main] INFO  s.d.spring.web.scanners.ApiListingReferenceScanner - Scanning for api listing references
2021-06-16 21:51:46.967 [main] INFO  org.apache.coyote.http11.Http11NioProtocol - Starting ProtocolHandler ["http-nio-8001"]
2021-06-16 21:51:46.997 [main] INFO  o.s.boot.web.embedded.tomcat.TomcatWebServer - Tomcat started on port(s): 8001 (http) with context path ''
2021-06-16 21:51:47.001 [main] INFO  com.sunjunjie.eduservice.EduApplication - Started EduApplication in 4.499 seconds (JVM running for 5.357)
2021-06-16 21:52:59.973 [http-nio-8001-exec-1] INFO  o.a.c.core.ContainerBase.[Tomcat].[localhost].[/] - Initializing Spring DispatcherServlet 'dispatcherServlet'
2021-06-16 21:52:59.973 [http-nio-8001-exec-1] INFO  org.springframework.web.servlet.DispatcherServlet - Initializing Servlet 'dispatcherServlet'
2021-06-16 21:52:59.979 [http-nio-8001-exec-1] INFO  org.springframework.web.servlet.DispatcherServlet - Completed initialization in 6 ms
2021-06-16 21:58:41.634 [SpringContextShutdownHook] INFO  o.s.scheduling.concurrent.ThreadPoolTaskExecutor - Shutting down ExecutorService 'applicationTaskExecutor'
2021-06-16 21:58:41.636 [SpringContextShutdownHook] INFO  com.zaxxer.hikari.HikariDataSource - HikariPool-1 - Shutdown initiated...
2021-06-16 21:58:41.644 [SpringContextShutdownHook] INFO  com.zaxxer.hikari.HikariDataSource - HikariPool-1 - Shutdown completed.
2021-06-16 21:58:46.633 [main] INFO  com.sunjunjie.eduservice.EduApplication - Starting EduApplication on sunjunjiedeMacBook-Pro.local with PID 54074 (/Users/sunjunjie/Desktop/gitcode/guli_parent/service/service_edu/target/classes started by sunjunjie in /Users/sunjunjie/Desktop/gitcode/guli_parent)
2021-06-16 21:58:46.639 [main] INFO  com.sunjunjie.eduservice.EduApplication - The following profiles are active: dev
2021-06-16 21:58:47.605 [main] INFO  o.s.d.r.config.RepositoryConfigurationDelegate - Multiple Spring Data modules found, entering strict repository configuration mode!
2021-06-16 21:58:47.607 [main] INFO  o.s.d.r.config.RepositoryConfigurationDelegate - Bootstrapping Spring Data repositories in DEFAULT mode.
2021-06-16 21:58:47.631 [main] INFO  o.s.d.r.config.RepositoryConfigurationDelegate - Finished Spring Data repository scanning in 10ms. Found 0 repository interfaces.
2021-06-16 21:58:47.923 [main] INFO  o.s.c.s.PostProcessorRegistrationDelegate$BeanPostProcessorChecker - Bean 'org.springframework.transaction.annotation.ProxyTransactionManagementConfiguration' of type [org.springframework.transaction.annotation.ProxyTransactionManagementConfiguration] is not eligible for getting processed by all BeanPostProcessors (for example: not eligible for auto-proxying)
2021-06-16 21:58:48.184 [main] INFO  o.s.boot.web.embedded.tomcat.TomcatWebServer - Tomcat initialized with port(s): 8001 (http)
2021-06-16 21:58:48.193 [main] INFO  org.apache.coyote.http11.Http11NioProtocol - Initializing ProtocolHandler ["http-nio-8001"]
2021-06-16 21:58:48.194 [main] INFO  org.apache.catalina.core.StandardService - Starting service [Tomcat]
2021-06-16 21:58:48.194 [main] INFO  org.apache.catalina.core.StandardEngine - Starting Servlet engine: [Apache Tomcat/9.0.27]
2021-06-16 21:58:48.286 [main] INFO  o.a.c.core.ContainerBase.[Tomcat].[localhost].[/] - Initializing Spring embedded WebApplicationContext
2021-06-16 21:58:48.287 [main] INFO  org.springframework.web.context.ContextLoader - Root WebApplicationContext: initialization completed in 1564 ms
2021-06-16 21:58:48.518 [main] INFO  com.zaxxer.hikari.HikariDataSource - HikariPool-1 - Starting...
2021-06-16 21:58:48.906 [main] INFO  com.zaxxer.hikari.HikariDataSource - HikariPool-1 - Start completed.
2021-06-16 21:58:49.491 [main] INFO  s.d.s.w.PropertySourcedRequestMappingHandlerMapping - Mapped URL path [/v2/api-docs] onto method [springfox.documentation.swagger2.web.Swagger2Controller#getDocumentation(String, HttpServletRequest)]
2021-06-16 21:58:49.610 [main] INFO  o.s.scheduling.concurrent.ThreadPoolTaskExecutor - Initializing ExecutorService 'applicationTaskExecutor'
2021-06-16 21:58:50.178 [main] INFO  s.d.s.web.plugins.DocumentationPluginsBootstrapper - Context refreshed
2021-06-16 21:58:50.195 [main] INFO  s.d.s.web.plugins.DocumentationPluginsBootstrapper - Found 1 custom documentation plugin(s)
2021-06-16 21:58:50.232 [main] INFO  s.d.spring.web.scanners.ApiListingReferenceScanner - Scanning for api listing references
2021-06-16 21:58:50.421 [main] INFO  org.apache.coyote.http11.Http11NioProtocol - Starting ProtocolHandler ["http-nio-8001"]
2021-06-16 21:58:50.453 [main] INFO  o.s.boot.web.embedded.tomcat.TomcatWebServer - Tomcat started on port(s): 8001 (http) with context path ''
2021-06-16 21:58:50.457 [main] INFO  com.sunjunjie.eduservice.EduApplication - Started EduApplication in 4.369 seconds (JVM running for 5.104)
2021-06-16 21:58:56.767 [http-nio-8001-exec-1] INFO  o.a.c.core.ContainerBase.[Tomcat].[localhost].[/] - Initializing Spring DispatcherServlet 'dispatcherServlet'
2021-06-16 21:58:56.767 [http-nio-8001-exec-1] INFO  org.springframework.web.servlet.DispatcherServlet - Initializing Servlet 'dispatcherServlet'
2021-06-16 21:58:56.775 [http-nio-8001-exec-1] INFO  org.springframework.web.servlet.DispatcherServlet - Completed initialization in 8 ms
